<?xml version="1.0" encoding="UTF-8"?>
<testsuite name="Tests" tests="13" errors="0" failures="0" skipped="0" time="889.026">
<testcase classname="Tests.全て.画面  Headlesschrome" name="値札発行$Tdash-Sp$73-headlesschrome" time="150.889">
</testcase>
<testcase classname="Tests.全て.画面  Headlesschrome" name="帳票再出力$Tdash-Sp$73-headlesschrome" time="121.237">
</testcase>
<testcase classname="Tests.全て.エクスポート  Headlesschrome" name="入荷実績$Tdash-Sp$73-headlesschrome" time="50.051">
</testcase>
<testcase classname="Tests.全て.エクスポート  Headlesschrome" name="出荷実績(卸)$Tdash-Sp$73-headlesschrome" time="49.655">
</testcase>
<testcase classname="Tests.全て.エクスポート  Headlesschrome" name="出荷実績(通販)$Tdash-Sp$73-headlesschrome" time="54.608">
</testcase>
<testcase classname="Tests.全て.エクスポート  Headlesschrome" name="出荷実績(定期通販)$Tdash-Sp$73-headlesschrome" time="53.368">
</testcase>
<testcase classname="Tests.全て.エクスポート  Headlesschrome" name="引当実績$Tdash-Sp$73-headlesschrome" time="44.454">
</testcase>
<testcase classname="Tests.全て.エクスポート  Headlesschrome" name="出荷箱明細実績$Tdash-Sp$73-headlesschrome" time="40.235">
</testcase>
<testcase classname="Tests.全て.エクスポート  Headlesschrome" name="入荷登録データ$Tdash-Sp$73-headlesschrome" time="41.131">
</testcase>
<testcase classname="Tests.全て.エクスポート  Headlesschrome" name="出荷登録データ$Tdash-Sp$73-headlesschrome" time="54.308">
</testcase>
<testcase classname="Tests.全て.エクスポート  Headlesschrome" name="値札発行$Tdash-Sp$73-headlesschrome" time="89.637">
</testcase>
<testcase classname="Tests.全て.エクスポート  Headlesschrome" name="ピッキングリスト$Tdash-Sp$73-headlesschrome" time="63.529">
</testcase>
<testcase classname="Tests.全て.エクスポート  Headlesschrome" name="納品書$Tdash-Sp$73-headlesschrome" time="69.331">
</testcase>
</testsuite>
