成功: プロセス "tdash.exe" (PID 6376) は強制終了されました。
成功: プロセス "tdash.exe" (PID 9740) は強制終了されました。
2025-11-18 21:04:12 - INFO - Start.
2025-11-18 21:04:39 - INFO - ========================================================================================
2025-11-18 21:04:39 - INFO - ==========testrunコマンドを開始します==========
2025-11-18 21:04:39 - INFO - ======テスト実行準備を開始します======
2025-11-18 21:04:39 - INFO - ======バージョンチェックを開始します======
2025-11-18 21:04:40 - INFO - ======バージョンチェックを終了します======
2025-11-18 21:04:40 - INFO - ======テスト実行に使用するプロキシ設定を開始します======
2025-11-18 21:04:40 - INFO - ======テスト実行に使用するプロキシ設定が終了しました======
2025-11-18 21:04:40 - INFO - ======QualityTrackerに使用するプロキシ設定を開始します======
2025-11-18 21:04:40 - INFO - ======QualityTrackerに使用するプロキシ設定が終了しました======
2025-11-18 21:04:40 - INFO - ======AnyTestに使用するプロキシ設定を開始します======
2025-11-18 21:04:40 - INFO - ======AnyTestに使用するプロキシ設定が終了しました======
2025-11-18 21:04:40 - INFO - ======セットアップチェックを開始します======
2025-11-18 21:04:41 - INFO - 
プロジェクト名「コマンドライン実行用プロジェクト」、プロジェクトキー「commandlinetestrun」の既存プロジェクトを使用します。
テスト実行時、このプロジェクトデータが上書きされます。
2025-11-18 21:04:41 - INFO - ======コマンドラインテスト実行用のプロジェクト作成を終了しました======
2025-11-18 21:04:41 - INFO - 
browserオプションが使用されていない、使用できないブラウザが指定されている、またはanytestブラウザと通常ブラウザが同時に指定されています。
テストラン設定時に指定したブラウザを使用します。
2025-11-18 21:04:41 - INFO - ======T-DASHの環境構築を開始します======
2025-11-18 21:04:41 - INFO - 
T-DASHの環境を構築しています。しばらくお待ちください。
2025-11-18 21:04:41 - INFO - テスト実行環境準備中
2025-11-18 21:05:00 - INFO - テスト実行環境準備完了
2025-11-18 21:05:00 - INFO - chromeの自動更新処理開始
2025-11-18 21:05:40 - INFO - chromeのWebDriverをダウンロードしました。 browser=142.0.7444.163, localdriver=142.0.7444.175
2025-11-18 21:05:40 - INFO - firefoxの自動更新処理開始
2025-11-18 21:06:39 - INFO - firefoxのWebDriverをダウンロードしました。 browser=145.0, localdriver=0.36.0
2025-11-18 21:06:39 - INFO - edgeの自動更新処理開始
2025-11-18 21:07:04 - INFO - edgeのWebDriverをダウンロードしました。 browser=142.0.3595.80, localdriver=141.0.3537.99
2025-11-18 21:07:04 - INFO - ======T-DASHの環境構築が終了しました======
2025-11-18 21:07:04 - INFO - ======プロジェクトインポートを開始します======
2025-11-18 21:07:04 - INFO - 
プロジェクトインポートしています。
しばらくお待ち下さい。
2025-11-18 21:08:41 - INFO - ======プロジェクトインポートが完了しました======
2025-11-18 21:08:41 - INFO - 
■実行対象のテストラン一覧
・全て
2025-11-18 21:08:50 - INFO - ======テスト実行準備が終了しました======
2025-11-18 21:08:50 - INFO - ========================================================================================
2025-11-18 21:08:50 - INFO - ======テストを実行します======
--- Logging error ---
Traceback (most recent call last):
  File "portalocker\portalocker.py", line 69, in unlock
OSError: [Errno 9] Bad file descriptor

The above exception was the direct cause of the following exception:

Traceback (most recent call last):
  File "concurrent_log_handler\__init__.py", line 424, in _do_unlock
  File "portalocker\portalocker.py", line 90, in unlock
portalocker.exceptions.LockException: (1, 'Bad file descriptor')

During handling of the above exception, another exception occurred:

Traceback (most recent call last):
  File "concurrent_log_handler\__init__.py", line 339, in emit
  File "concurrent_log_handler\__init__.py", line 427, in _do_unlock
OSError: [Errno 9] Bad file descriptor
Call stack:
  File "threading.py", line 890, in _bootstrap
  File "threading.py", line 932, in _bootstrap_inner
  File "threading.py", line 870, in run
  File "runtest\runrobot.py", line 199, in execute
  File "model\result.py", line 163, in post_runtest_processing
  File "model\result.py", line 241, in normal_termination
  File "logging\__init__.py", line 1446, in info
  File "logging\__init__.py", line 1589, in _log
  File "logging\__init__.py", line 1599, in handle
  File "logging\__init__.py", line 1661, in callHandlers
  File "logging\__init__.py", line 954, in handle
  File "concurrent_log_handler\__init__.py", line 343, in emit
Message: '=====レポート作成処理開始====='
Arguments: ()
2025-11-18 21:47:41 - INFO - =====レポート作成処理開始=====
2025-11-18 21:48:22 - INFO - =====レポート作成処理完了=====
2025-11-18 21:48:22 - INFO - 
レポートを確認ください。
■T-DASHレポート
C:\Users\kanri02\AppData\Local\Programs\T-DASH\projects\commandlinetestrun\reports\コマンドライン実行用プロジェクト_20251118_210857
2025-11-18 21:48:22 - INFO - ======テストの実行が完了しました======
2025-11-18 21:48:22 - INFO - 
失敗したテストが存在します。
レポートを確認してください。
2025-11-18 21:48:22 - INFO - End.
